<?xml version="1.0" encoding="UTF-8"?>
<testsuite name="Consultar productos" tests="2" skipped="0" failures="0" errors="0" timestamp="2025-02-11T00:47:53" hostname="MANUELA17" time="8.145">
  <properties/>
  <testcase name="Consultar producto categoria" classname="Consultar productos" time="7.225"/>
  <testcase name="Consultar producto categoria no encontrado" classname="Consultar productos" time="0.92"/>
  <system-out><![CDATA[19:47:54.133 [Test worker] INFO   - 
  _____   ___   ___   _____     ___   _____     _     ___   _____   ___   ___  
 |_   _| | __| / __| |_   _|   / __| |_   _|   /_\   | _ \ |_   _| | __| |   \ 
   | |   | _|  \__ \   | |     \__ \   | |    / _ \  |   /   | |   | _|  | |) |
   |_|   |___| |___/   |_|     |___/   |_|   /_/ \_\ |_|_\   |_|   |___| |___/ 

Consultar producto categoria(consultar-productos;consultar-producto-categoria)
--------------------------------------------------------------------------------
19:48:00.820 [Test worker] INFO   - ?[92m
  _____   ___   ___   _____     ___     _     ___   ___   ___   ___  
 |_   _| | __| / __| |_   _|   | _ \   /_\   / __| / __| | __| |   \ 
   | |   | _|  \__ \   | |     |  _/  / _ \  \__ \ \__ \ | _|  | |) |
   |_|   |___| |___/   |_|     |_|   /_/ \_\ |___/ |___/ |___| |___/ 

Consultar producto categoria
----------------------------------------------------------------------?[0m
19:48:00.864 [Test worker] INFO   - 
  _____   ___   ___   _____     ___   _____     _     ___   _____   ___   ___  
 |_   _| | __| / __| |_   _|   / __| |_   _|   /_\   | _ \ |_   _| | __| |   \ 
   | |   | _|  \__ \   | |     \__ \   | |    / _ \  |   /   | |   | _|  | |) |
   |_|   |___| |___/   |_|     |___/   |_|   /_/ \_\ |_|_\   |_|   |___| |___/ 

Consultar producto categoria no encontrado(consultar-productos;consultar-producto-categoria-no-encontrado)
--------------------------------------------------------------------------------
19:48:01.758 [Test worker] INFO   - ?[92m
  _____   ___   ___   _____     ___     _     ___   ___   ___   ___  
 |_   _| | __| / __| |_   _|   | _ \   /_\   / __| / __| | __| |   \ 
   | |   | _|  \__ \   | |     |  _/  / _ \  \__ \ \__ \ | _|  | |) |
   |_|   |___| |___/   |_|     |_|   /_/ \_\ |___/ |___/ |___| |___/ 

Consultar producto categoria no encontrado
----------------------------------------------------------------------?[0m
]]></system-out>
  <system-err><![CDATA[]]></system-err>
</testsuite>
