<?xml version="1.0" encoding="UTF-8"?>
<testsuite name="co.com.practica.doblev.runners.ConsultarProductoIdRunner" tests="0" skipped="0" failures="0" errors="0" timestamp="1970-01-01T00:00:00" hostname="MANUELA17" time="0.0">
  <properties/>
  <system-out><![CDATA[19:48:02.047 [Test worker] INFO   - Test Suite Started: Consultar producto
19:48:02.063 [Test worker] INFO   - Test Suite Started: Consultar producto
]]></system-out>
  <system-err><![CDATA[]]></system-err>
</testsuite>
