<?xml version="1.0" encoding="UTF-8"?>
<testsuite name="Consultar productos" tests="2" skipped="0" failures="0" errors="0" timestamp="2025-02-11T01:17:39" hostname="MANUELA17" time="7.97">
  <properties/>
  <testcase name="Consultar producto categoria" classname="Consultar productos" time="6.859"/>
  <testcase name="Consultar producto categoria no encontrado" classname="Consultar productos" time="1.111"/>
  <system-out><![CDATA[20:17:39.733 [Test worker] INFO   - 
  _____   ___   ___   _____     ___   _____     _     ___   _____   ___   ___  
 |_   _| | __| / __| |_   _|   / __| |_   _|   /_\   | _ \ |_   _| | __| |   \ 
   | |   | _|  \__ \   | |     \__ \   | |    / _ \  |   /   | |   | _|  | |) |
   |_|   |___| |___/   |_|     |___/   |_|   /_/ \_\ |_|_\   |_|   |___| |___/ 

Consultar producto categoria(consultar-productos;consultar-producto-categoria)
--------------------------------------------------------------------------------
20:17:46.078 [Test worker] INFO   - ?[92m
  _____   ___   ___   _____     ___     _     ___   ___   ___   ___  
 |_   _| | __| / __| |_   _|   | _ \   /_\   / __| / __| | __| |   \ 
   | |   | _|  \__ \   | |     |  _/  / _ \  \__ \ \__ \ | _|  | |) |
   |_|   |___| |___/   |_|     |_|   /_/ \_\ |___/ |___/ |___| |___/ 

Consultar producto categoria
----------------------------------------------------------------------?[0m
20:17:46.126 [Test worker] INFO   - 
  _____   ___   ___   _____     ___   _____     _     ___   _____   ___   ___  
 |_   _| | __| / __| |_   _|   / __| |_   _|   /_\   | _ \ |_   _| | __| |   \ 
   | |   | _|  \__ \   | |     \__ \   | |    / _ \  |   /   | |   | _|  | |) |
   |_|   |___| |___/   |_|     |___/   |_|   /_/ \_\ |_|_\   |_|   |___| |___/ 

Consultar producto categoria no encontrado(consultar-productos;consultar-producto-categoria-no-encontrado)
--------------------------------------------------------------------------------
20:17:47.193 [Test worker] INFO   - ?[92m
  _____   ___   ___   _____     ___     _     ___   ___   ___   ___  
 |_   _| | __| / __| |_   _|   | _ \   /_\   / __| / __| | __| |   \ 
   | |   | _|  \__ \   | |     |  _/  / _ \  \__ \ \__ \ | _|  | |) |
   |_|   |___| |___/   |_|     |_|   /_/ \_\ |___/ |___/ |___| |___/ 

Consultar producto categoria no encontrado
----------------------------------------------------------------------?[0m
]]></system-out>
  <system-err><![CDATA[]]></system-err>
</testsuite>
